<?xml version="1.0" encoding="UTF-8"?>
<!-- Generated by org.testng.reporters.JUnitReportReporter -->
<testsuite skipped="0" hostname="LAPTOP-4UDT757U" name="script.TestDemo" tests="1" failures="0" timestamp="26 Sep 2018 09:45:53 GMT" time="8.927" errors="0">
  <testcase name="testA" time="8.927" classname="script.TestDemo"/>
</testsuite> <!-- script.TestDemo -->
